<?xml version="1.0" encoding="UTF-8"?>
<!-- Generated by org.testng.reporters.JUnitXMLReporter -->
<testsuite hostname="Jaimes-MacBook-Pro.local" ignored="0" name="Command line test" tests="2" failures="0" timestamp="20 Jul 2022 22:04:47 GMT" time="25.369" errors="0">
  <testcase name="testEasy on null(maven_package.AppTest)" time="16.409" classname="maven_package.AppTest"/>
  <testcase name="testTwo on null(maven_package.AppTest)" time="1.377" classname="maven_package.AppTest"/>
</testsuite> <!-- Command line test -->
