<?xml version="1.0" encoding="UTF-8"?>
<testng-results skipped="0" failed="0" ignored="0" total="2" passed="2">
  <reporter-output>
  </reporter-output>
  <suite name="maven_package.AppTest" duration-ms="25369" started-at="2022-07-20T22:04:22Z" finished-at="2022-07-20T22:04:47Z">
    <groups>
    </groups>
    <test name="Command line test" duration-ms="25369" started-at="2022-07-20T22:04:22Z" finished-at="2022-07-20T22:04:47Z">
      <class name="maven_package.AppTest">
        <test-method status="PASS" signature="beforeTest()[pri:0, instance:null(maven_package.AppTest)]" name="beforeTest" is-config="true" duration-ms="6203" started-at="2022-07-20T22:04:22Z" finished-at="2022-07-20T22:04:28Z">
          <reporter-output>
          </reporter-output>
        </test-method> <!-- beforeTest -->
        <test-method status="PASS" signature="testEasy()[pri:0, instance:null(maven_package.AppTest)]" name="testEasy" duration-ms="16409" started-at="2022-07-20T22:04:28Z" finished-at="2022-07-20T22:04:44Z">
          <reporter-output>
          </reporter-output>
        </test-method> <!-- testEasy -->
        <test-method status="PASS" signature="testTwo()[pri:0, instance:null(maven_package.AppTest)]" name="testTwo" duration-ms="1377" started-at="2022-07-20T22:04:44Z" finished-at="2022-07-20T22:04:46Z">
          <reporter-output>
          </reporter-output>
        </test-method> <!-- testTwo -->
        <test-method status="PASS" signature="afterTest()[pri:0, instance:null(maven_package.AppTest)]" name="afterTest" is-config="true" duration-ms="1365" started-at="2022-07-20T22:04:46Z" finished-at="2022-07-20T22:04:47Z">
          <reporter-output>
          </reporter-output>
        </test-method> <!-- afterTest -->
      </class> <!-- maven_package.AppTest -->
    </test> <!-- Command line test -->
  </suite> <!-- maven_package.AppTest -->
</testng-results>
